--------
/home/lamvu/snap-dev-64/examples/node2vec/node2vec.Err
Tue Jul  2 09:50:50 2019
Execution stopped: IsInt(false, 0, 0, Val) [Reason:'100000003326911'], file ../../glib-core/dt.h, line 637
--------
--------
/home/lamvu/snap-dev-64/examples/node2vec/node2vec.Err
Tue Jul  2 09:56:06 2019
Execution stopped: IsInt64(false, 0, 0, Val), file ../../glib-core/dt.h, line 654
--------
--------
/home/lamvu/snap-dev-64/examples/node2vec/node2vec.Err
Tue Jul  2 10:43:34 2019
Execution stopped: IsInt64(false, 0, 0, Val), file ../../glib-core/dt.h, line 654
--------
--------
/home/lamvu/snap-dev-64/examples/node2vec/node2vec.Err
Tue Jul  2 10:58:25 2019
Execution stopped: IsInt(false, 0, 0, Val) [Reason:'100000003326911'], file ../../glib-core/dt.h, line 637
--------
--------
/home/lamvu/snap-dev-64/examples/node2vec/node2vec.Err
Tue Jul  2 14:05:55 2019
Execution stopped: IsInt(false, 0, 0, Val) [Reason:'100000003326911'], file ../../glib-core/dt.h, line 637
--------
--------
/home/lamvu/snap-dev-64/examples/node2vec/node2vec.Err
Tue Jul  2 14:06:14 2019
Execution stopped: IsInt(false, 0, 0, Val) [Reason:'100000003326911'], file ../../glib-core/dt.h, line 637
--------
--------
/home/lamvu/snap-dev-64/examples/node2vec/node2vec.Err
Tue Jul  2 14:09:04 2019
Execution stopped: IsInt64(false, 0, 0, Val), file ../../glib-core/dt.h, line 654
--------
--------
/home/lamvu/snap-dev-64/examples/node2vec/node2vec.Err
Tue Jul  2 14:16:50 2019
Execution stopped: IsInt64(false, 0, 0, Val), file ../../glib-core/dt.h, line 654
--------
--------
/home/lamvu/snap-dev-64/examples/node2vec/node2vec.Err
Tue Jul  2 14:21:19 2019
Execution stopped: IsInt64(false, 0, 0, Val), file ../../glib-core/dt.h, line 654
--------
